<?xml version="1.0" encoding="UTF-8"?>
<testng-results ignored="0" total="4" passed="4" failed="0" skipped="0">
  <reporter-output>
  </reporter-output>
  <suite started-at="2024-01-29T09:54:16 IST" name="Default suite" finished-at="2024-01-29T09:56:16 IST" duration-ms="120407">
    <groups>
      <group name="cucumber">
        <method signature="AbstractTestNGCucumberTests.runScenario(io.cucumber.testng.PickleWrapper,io.cucumber.testng.FeatureWrapper)[pri:0, instance:testRunner.Runner@5149d738]" name="runScenario" class="io.cucumber.testng.AbstractTestNGCucumberTests"/>
      </group> <!-- cucumber -->
    </groups>
    <test started-at="2024-01-29T09:54:16 IST" name="Default test" finished-at="2024-01-29T09:56:16 IST" duration-ms="120407">
      <class name="testRunner.Runner">
        <test-method is-config="true" signature="setUpClass(org.testng.ITestContext)[pri:0, instance:testRunner.Runner@5149d738]" started-at="2024-01-29T09:54:16 IST" name="setUpClass" finished-at="2024-01-29T09:54:18 IST" duration-ms="1504" status="PASS">
          <params>
            <param index="0">
              <value>
                <![CDATA[org.testng.TestRunner@53ed80d3]]>
              </value>
            </param>
          </params>
          <reporter-output>
          </reporter-output>
        </test-method> <!-- setUpClass -->
        <test-method signature="runScenario(io.cucumber.testng.PickleWrapper,io.cucumber.testng.FeatureWrapper)[pri:0, instance:testRunner.Runner@5149d738]" started-at="2024-01-29T09:54:18 IST" name="runScenario" description="Runs Cucumber Scenarios" data-provider="scenarios" finished-at="2024-01-29T09:54:46 IST" duration-ms="28838" status="PASS">
          <params>
            <param index="0">
              <value>
                <![CDATA["Check login is successful with valid cred"]]>
              </value>
            </param>
            <param index="1">
              <value>
                <![CDATA["Verify the loginpage functionality"]]>
              </value>
            </param>
          </params>
          <reporter-output>
          </reporter-output>
        </test-method> <!-- runScenario -->
        <test-method signature="runScenario(io.cucumber.testng.PickleWrapper,io.cucumber.testng.FeatureWrapper)[pri:0, instance:testRunner.Runner@5149d738]" started-at="2024-01-29T09:54:46 IST" name="runScenario" description="Runs Cucumber Scenarios" data-provider="scenarios" finished-at="2024-01-29T09:55:18 IST" duration-ms="31631" status="PASS">
          <params>
            <param index="0">
              <value>
                <![CDATA["Check login is successful with mutiple cred"]]>
              </value>
            </param>
            <param index="1">
              <value>
                <![CDATA["Verify the loginpage functionality"]]>
              </value>
            </param>
          </params>
          <reporter-output>
          </reporter-output>
        </test-method> <!-- runScenario -->
        <test-method signature="runScenario(io.cucumber.testng.PickleWrapper,io.cucumber.testng.FeatureWrapper)[pri:0, instance:testRunner.Runner@5149d738]" started-at="2024-01-29T09:55:18 IST" name="runScenario" description="Runs Cucumber Scenarios" data-provider="scenarios" finished-at="2024-01-29T09:55:46 IST" duration-ms="28343" status="PASS">
          <params>
            <param index="0">
              <value>
                <![CDATA["Check login is successful with mutiple cred"]]>
              </value>
            </param>
            <param index="1">
              <value>
                <![CDATA["Verify the loginpage functionality"]]>
              </value>
            </param>
          </params>
          <reporter-output>
          </reporter-output>
        </test-method> <!-- runScenario -->
        <test-method signature="runScenario(io.cucumber.testng.PickleWrapper,io.cucumber.testng.FeatureWrapper)[pri:0, instance:testRunner.Runner@5149d738]" started-at="2024-01-29T09:55:46 IST" name="runScenario" description="Runs Cucumber Scenarios" data-provider="scenarios" finished-at="2024-01-29T09:56:16 IST" duration-ms="29893" status="PASS">
          <params>
            <param index="0">
              <value>
                <![CDATA["Check homepage functionality"]]>
              </value>
            </param>
            <param index="1">
              <value>
                <![CDATA["Verify the loginpage functionality"]]>
              </value>
            </param>
          </params>
          <reporter-output>
          </reporter-output>
        </test-method> <!-- runScenario -->
        <test-method is-config="true" signature="tearDownClass()[pri:0, instance:testRunner.Runner@5149d738]" started-at="2024-01-29T09:56:16 IST" name="tearDownClass" finished-at="2024-01-29T09:56:16 IST" duration-ms="55" status="PASS">
          <reporter-output>
          </reporter-output>
        </test-method> <!-- tearDownClass -->
      </class> <!-- testRunner.Runner -->
    </test> <!-- Default test -->
  </suite> <!-- Default suite -->
</testng-results>
